# JRE version: Java(TM) SE Runtime Environment (8.0_281-b09) (build 1.8.0_281-b09)
# Java VM: Java HotSpot(TM) 64-Bit Server VM (25.281-b09 mixed mode bsd-amd64 compressed oops)
Heap:
 PSYoungGen      total 422400K, used 93312K [0x0000000795580000, 0x00000007b1680000, 0x00000007c0000000)
  eden space 418304K, 22% used [0x0000000795580000,0x000000079b0a0138,0x00000007aee00000)
  from space 4096K, 0% used [0x00000007afe80000,0x00000007afe80000,0x00000007b0280000)
  to   space 19456K, 0% used [0x00000007b0380000,0x00000007b0380000,0x00000007b1680000)
 ParOldGen       total 97792K, used 24012K [0x0000000740000000, 0x0000000745f80000, 0x0000000795580000)
  object space 97792K, 24% used [0x0000000740000000,0x0000000741773020,0x0000000745f80000)
 Metaspace       used 77167K, capacity 81623K, committed 81920K, reserved 1120256K
  class space    used 10611K, capacity 11448K, committed 11520K, reserved 1048576K
GC Heap History (10 events):
Event: 4.437 GC heap before
{Heap before GC invocations=13 (full 2):
 PSYoungGen      total 340480K, used 125635K [0x0000000795580000, 0x00000007acc00000, 0x00000007c0000000)
  eden space 327680K, 34% used [0x0000000795580000,0x000000079c3b2ef8,0x00000007a9580000)
  from space 12800K, 99% used [0x00000007aa480000,0x00000007ab0fdde0,0x00000007ab100000)
  to   space 15360K, 0% used [0x00000007a9580000,0x00000007a9580000,0x00000007aa480000)
 ParOldGen       total 71680K, used 13564K [0x0000000740000000, 0x0000000744600000, 0x0000000795580000)
  object space 71680K, 18% used [0x0000000740000000,0x0000000740d3f288,0x0000000744600000)
 Metaspace       used 56278K, capacity 58845K, committed 59008K, reserved 1099776K
  class space    used 7492K, capacity 8048K, committed 8064K, reserved 1048576K
Event: 4.446 GC heap after
Heap after GC invocations=13 (full 2):
 PSYoungGen      total 343040K, used 7983K [0x0000000795580000, 0x00000007b2480000, 0x00000007c0000000)
  eden space 327680K, 0% used [0x0000000795580000,0x0000000795580000,0x00000007a9580000)
  from space 15360K, 51% used [0x00000007a9580000,0x00000007a9d4bff8,0x00000007aa480000)
  to   space 14848K, 0% used [0x00000007b1600000,0x00000007b1600000,0x00000007b2480000)
 ParOldGen       total 71680K, used 18093K [0x0000000740000000, 0x0000000744600000, 0x0000000795580000)
  object space 71680K, 25% used [0x0000000740000000,0x00000007411ab448,0x0000000744600000)
 Metaspace       used 56278K, capacity 58845K, committed 59008K, reserved 1099776K
  class space    used 7492K, capacity 8048K, committed 8064K, reserved 1048576K
}
Event: 4.446 GC heap before
{Heap before GC invocations=14 (full 3):
 PSYoungGen      total 343040K, used 7983K [0x0000000795580000, 0x00000007b2480000, 0x00000007c0000000)
  eden space 327680K, 0% used [0x0000000795580000,0x0000000795580000,0x00000007a9580000)
  from space 15360K, 51% used [0x00000007a9580000,0x00000007a9d4bff8,0x00000007aa480000)
  to   space 14848K, 0% used [0x00000007b1600000,0x00000007b1600000,0x00000007b2480000)
 ParOldGen       total 71680K, used 18093K [0x0000000740000000, 0x0000000744600000, 0x0000000795580000)
  object space 71680K, 25% used [0x0000000740000000,0x00000007411ab448,0x0000000744600000)
 Metaspace       used 56278K, capacity 58845K, committed 59008K, reserved 1099776K
  class space    used 7492K, capacity 8048K, committed 8064K, reserved 1048576K
Event: 4.517 GC heap after
Heap after GC invocations=14 (full 3):
 PSYoungGen      total 343040K, used 0K [0x0000000795580000, 0x00000007b2480000, 0x00000007c0000000)
  eden space 327680K, 0% used [0x0000000795580000,0x0000000795580000,0x00000007a9580000)
  from space 15360K, 0% used [0x00000007a9580000,0x00000007a9580000,0x00000007aa480000)
  to   space 14848K, 0% used [0x00000007b1600000,0x00000007b1600000,0x00000007b2480000)
 ParOldGen       total 97792K, used 17637K [0x0000000740000000, 0x0000000745f80000, 0x0000000795580000)
  object space 97792K, 18% used [0x0000000740000000,0x00000007411397d0,0x0000000745f80000)
 Metaspace       used 56258K, capacity 58807K, committed 59008K, reserved 1099776K
  class space    used 7489K, capacity 8038K, committed 8064K, reserved 1048576K
}
Event: 5.913 GC heap before
{Heap before GC invocations=15 (full 3):
 PSYoungGen      total 343040K, used 327680K [0x0000000795580000, 0x00000007b2480000, 0x00000007c0000000)
  eden space 327680K, 100% used [0x0000000795580000,0x00000007a9580000,0x00000007a9580000)
  from space 15360K, 0% used [0x00000007a9580000,0x00000007a9580000,0x00000007aa480000)
  to   space 14848K, 0% used [0x00000007b1600000,0x00000007b1600000,0x00000007b2480000)
 ParOldGen       total 97792K, used 17637K [0x0000000740000000, 0x0000000745f80000, 0x0000000795580000)
  object space 97792K, 18% used [0x0000000740000000,0x00000007411397d0,0x0000000745f80000)
 Metaspace       used 72521K, capacity 76527K, committed 76672K, reserved 1116160K
  class space    used 10021K, capacity 10805K, committed 10880K, reserved 1048576K
Event: 5.930 GC heap after
Heap after GC invocations=15 (full 3):
 PSYoungGen      total 433152K, used 14838K [0x0000000795580000, 0x00000007b2480000, 0x00000007c0000000)
  eden space 418304K, 0% used [0x0000000795580000,0x0000000795580000,0x00000007aee00000)
  from space 14848K, 99% used [0x00000007b1600000,0x00000007b247dbb0,0x00000007b2480000)
  to   space 19456K, 0% used [0x00000007afe80000,0x00000007afe80000,0x00000007b1180000)
 ParOldGen       total 97792K, used 24950K [0x0000000740000000, 0x0000000745f80000, 0x0000000795580000)
  object space 97792K, 25% used [0x0000000740000000,0x000000074185d990,0x0000000745f80000)
 Metaspace       used 72521K, capacity 76527K, committed 76672K, reserved 1116160K
  class space    used 10021K, capacity 10805K, committed 10880K, reserved 1048576K
}
Event: 6.196 GC heap before
{Heap before GC invocations=16 (full 3):
 PSYoungGen      total 433152K, used 100923K [0x0000000795580000, 0x00000007b2480000, 0x00000007c0000000)
  eden space 418304K, 20% used [0x0000000795580000,0x000000079a9911a8,0x00000007aee00000)
  from space 14848K, 99% used [0x00000007b1600000,0x00000007b247dbb0,0x00000007b2480000)
  to   space 19456K, 0% used [0x00000007afe80000,0x00000007afe80000,0x00000007b1180000)
 ParOldGen       total 97792K, used 24950K [0x0000000740000000, 0x0000000745f80000, 0x0000000795580000)
  object space 97792K, 25% used [0x0000000740000000,0x000000074185d990,0x0000000745f80000)
 Metaspace       used 75332K, capacity 79575K, committed 79872K, reserved 1118208K
  class space    used 10361K, capacity 11183K, committed 11264K, reserved 1048576K
Event: 6.207 GC heap after
Heap after GC invocations=16 (full 3):
 PSYoungGen      total 422400K, used 3628K [0x0000000795580000, 0x00000007b1680000, 0x00000007c0000000)
  eden space 418304K, 0% used [0x0000000795580000,0x0000000795580000,0x00000007aee00000)
  from space 4096K, 88% used [0x00000007afe80000,0x00000007b020b0b8,0x00000007b0280000)
  to   space 19456K, 0% used [0x00000007b0380000,0x00000007b0380000,0x00000007b1680000)
 ParOldGen       total 97792K, used 33431K [0x0000000740000000, 0x0000000745f80000, 0x0000000795580000)
  object space 97792K, 34% used [0x0000000740000000,0x00000007420a5cf0,0x0000000745f80000)
 Metaspace       used 75332K, capacity 79575K, committed 79872K, reserved 1118208K
  class space    used 10361K, capacity 11183K, committed 11264K, reserved 1048576K
}
Event: 6.207 GC heap before
{Heap before GC invocations=17 (full 4):
 PSYoungGen      total 422400K, used 3628K [0x0000000795580000, 0x00000007b1680000, 0x00000007c0000000)
  eden space 418304K, 0% used [0x0000000795580000,0x0000000795580000,0x00000007aee00000)
  from space 4096K, 88% used [0x00000007afe80000,0x00000007b020b0b8,0x00000007b0280000)
  to   space 19456K, 0% used [0x00000007b0380000,0x00000007b0380000,0x00000007b1680000)
 ParOldGen       total 97792K, used 33431K [0x0000000740000000, 0x0000000745f80000, 0x0000000795580000)
  object space 97792K, 34% used [0x0000000740000000,0x00000007420a5cf0,0x0000000745f80000)
 Metaspace       used 75332K, capacity 79575K, committed 79872K, reserved 1118208K
  class space    used 10361K, capacity 11183K, committed 11264K, reserved 1048576K
Event: 6.332 GC heap after
Heap after GC invocations=17 (full 4):
 PSYoungGen      total 422400K, used 0K [0x0000000795580000, 0x00000007b1680000, 0x00000007c0000000)
  eden space 418304K, 0% used [0x0000000795580000,0x0000000795580000,0x00000007aee00000)
  from space 4096K, 0% used [0x00000007afe80000,0x00000007afe80000,0x00000007b0280000)
  to   space 19456K, 0% used [0x00000007b0380000,0x00000007b0380000,0x00000007b1680000)
 ParOldGen       total 97792K, used 24012K [0x0000000740000000, 0x0000000745f80000, 0x0000000795580000)
  object space 97792K, 24% used [0x0000000740000000,0x0000000741773020,0x0000000745f80000)
 Metaspace       used 75276K, capacity 79419K, committed 79872K, reserved 1118208K
  class space    used 10343K, capacity 11150K, committed 11264K, reserved 1048576K
}

